0 0 1 0 0 0 0 0 0 0 0
0.10000000000000001 0 1 1.2159999999998976 0.030399999999997443 20 20 0 800 800 0
0.20000000000000001 0 1 3272.9770666666673 3.147093333333336 60 60 0 42400 42400 0
0.30000000000000004 0 1 6887.6288000008908 6.6227200000008635 140 140 0 125600 125600 0
0.40000000000000002 0 1 14249.347839999135 13.701295999999159 300 221 0 292000 209840 0
0.5 0 1 17492.93866666907 16.820133333335651 388 344 0 383520 337760 0
0.59999999999999998 0 1 95360.190293321939 91.692490666655871 632 584 15 637280 587360 15600
0.69999999999999996 0 1 121390.54719998097 116.72167999998224 1114 825 144 1138560 838000 149760
0.79999999999999993 0 1 84321.341866636008 81.078213333303921 1335 1052 283 1368400 1074080 294320
0.89999999999999991 0 1 0.0 0.0 1375 1092 283 1410000 1115680 294320
0.99999999999999989 0 1 0.0 0.0 1377 1094 283 1412080 1117760 294320
1.0999999999999999 0 1 6.9222400000004587 0.0066560000000004411 1385 1102 283 1420400 1126080 294320
1.2 0 1 33.069226666402123 0.031797333333078964 1401 1118 283 1437040 1142720 294320
1.3 0 1 137.86794666630502 0.13256533333298559 1433 1150 283 1470320 1176000 294320
1.4000000000000001 0 1 554.97728000066854 0.53363200000064293 1506 1223 283 1546240 1251920 294320
1.5000000000000002 0 1 1341.7386666657771 1.2901333333324783 1609 1326 283 1653360 1359040 294320
1.6000000000000003 0 1 1382.1849600004512 1.329024000000435 1731 1448 283 1780240 1485920 294320
1.7000000000000004 0 1 1345.3828266681801 1.2936373333347884 1861 1569 283 1915440 1611760 294320
1.8000000000000005 0 1 3515.1667199968242 3.3799679999969414 2003 1719 283 2063120 1767760 294320
1.9000000000000006 0 1 1547.5532800001135 1.488032000000111 2168 1883 283 2234720 1938320 294320
2.0000000000000004 0 1 1297.2488533329451 1.2473546666662931 2325 2041 283 2398000 2102640 294320
2.1000000000000005 0 1 3142.0701866661493 3.0212213333328348 2523 2240 283 2603920 2309600 294320
2.2000000000000006 0 1 3285.8453333346715 3.1594666666679512 2732 2438 283 2821280 2515520 294320
2.3000000000000007 0 1 3075.6765866656078 2.957381333332318 2928 2638 283 3025120 2723520 294320
2.4000000000000008 0 1 3468.0034133321092 3.3346186666654822 3138 2854 283 3243520 2948160 294320
2.5000000000000009 0 1 3986.7831466645112 3.8334453333312544 3371 3083 283 3485840 3186320 294320
2.600000000000001 0 1 10108.916479991449 9.7201119999917882 3616 3323 283 3740640 3435920 294320
2.7000000000000011 0 1 15961.881173314307 15.347962666648399 3869 3564 283 4003760 3686560 294320
2.8000000000000012 0 1 31798.906879982671 30.575871999983455 4125 3804 283 4270000 3936160 294320
2.9000000000000012 0 1 48084.80767998402 46.235391999984593 4381 4044 283 4536240 4185760 294320
3.0000000000000013 0 1 63373.567573317137 60.936122666651151 4636 4285 284 4801440 4436400 295360
3.1000000000000014 0 1 74426.060799982093 71.563519999983001 4890 4525 291 5065600 4686000 302640
3.2000000000000015 0 1 70178.462293299206 67.479290666633858 5116 4766 300 5300640 4936640 312000
3.3000000000000016 0 1 33305.35935996168 32.024383999962993 5334 5006 308 5527360 5186240 320320
3.4000000000000017 0 1 2257.9647999828385 2.1711199999834978 5491 5183 308 5690640 5370320 320320
3.5000000000000018 0 1 314.70122666657733 0.3025973333332474 5638 5330 308 5843520 5523200 320320
3.6000000000000019 0 1 892.5363199980593 0.85820799999813435 5801 5493 308 6013040 5692720 320320
3.700000000000002 0 1 1785.3111466648995 1.7166453333316352 5965 5656 308 6183600 5862240 320320
3.800000000000002 0 1 1790.0258133383325 1.721178666671473 6145 5829 308 6370800 6042160 320320
3.9000000000000021 0 1 1968.9224533262693 1.8931946666598769 6324 6012 308 6556960 6232480 320320
4.0000000000000018 0 1 5764.7615999953914 5.5430399999955622 6523 6215 308 6763920 6443600 320320
4.1000000000000014 0 1 6489.6000000936447 6.2400000000900446 6750 6442 308 7000000 6679680 320320
4.2000000000000011 0 1 6516.490240006854 6.2658560000065888 6996 6676 308 7255840 6923040 320320
4.3000000000000007 0 1 6177.0065067325168 5.9394293333966566 7236 6915 308 7505440 7171600 320320
4.4000000000000004 0 1 20971.514026827565 20.164917333488059 7490 7156 308 7769600 7422240 320320
4.5 0 1 35960.060586950218 34.576981333605907 7746 7396 308 8035840 7671840 320320
4.5999999999999996 0 1 51779.081813602599 49.787578666925441 8002 7637 308 8302080 7922480 320320
4.6999999999999993 0 1 66574.754133588052 64.014186666911357 8257 7877 309 8567280 8172080 321360
4.7999999999999989 0 1 75971.916800279272 73.049920000268585 8507 8117 316 8827280 8421680 328640
4.8999999999999986 0 1 65247.963733780751 62.738426667096761 8722 8358 323 9050880 8672320 335920
4.9999999999999982 0 1 29959.587840387241 28.807296000372439 8950 8598 329 9288000 8921920 342160
5.0999999999999979 0 1 4898.9768536373322 4.7105546669589762 9134 8804 329 9479360 9136160 342160
5.1999999999999975 0 1 873.25056001108294 0.83966400001065666 9301 8972 329 9653040 9310880 342160
5.2999999999999972 0 1 572.6600533387674 0.55063466667189176 9464 9135 329 9822560 9480400 342160
5.3999999999999968 0 1 846.9427199923233 0.81436799999261855 9650 9320 329 10016000 9672800 342160
5.4999999999999964 0 1 1176.741973348529 1.1314826666812778 9844 9515 329 10217760 9875600 342160
5.5999999999999961 0 1 2748.1292800028264 2.6424320000027195 10066 9737 329 10448640 10106480 342160
5.6999999999999957 0 1 6399.2115200247199 6.1530880000237653 10317 9970 329 10709680 10348800 342160
5.7999999999999954 0 1 5555.2640001341406 5.3416000001289818 10548 10208 329 10949920 10596320 342160
5.899999999999995 0 1 17039.670613388767 16.384298666719989 10800 10448 329 11212000 10845920 342160
5.9999999999999947 0 1 31776.914346834204 30.554725333494432 11055 10689 329 11477200 11096560 342160
6.0999999999999943 0 1 47451.456000142512 45.626400000136968 11310 10929 329 11742400 11346160 342160
6.199999999999994 0 1 62793.924266781956 60.378773333444002 11566 11169 329 12008640 11595760 342160
6.2999999999999936 0 1 75470.148693516516 72.567450666842632 11820 11410 333 12272800 11846400 346320
6.3999999999999932 0 1 81935.903573638439 78.784522666959717 12066 11650 340 12528640 12096000 353600
6.4999999999999929 0 1 67521.170773931706 64.924202667242056 12291 11890 347 12762640 12345600 360880
6.5999999999999925 0 1 22770.664107684996 21.894869334312588 12467 12115 351 12945680 12579600 365040
6.6999999999999922 0 1 95.990613351134954 0.092298666683783614 12609 12258 351 13093360 12728320 365040
6.7999999999999918 0 1 797.37215998480121 0.76670399998538585 12751 12399 351 13241040 12874960 365040
6.8999999999999915 0 1 410.9192533396581 0.39511466667274814 12905 12553 351 13401200 13035120 365040
6.9999999999999911 0 1 874.02154668395747 0.84040533334995915 13095 12744 351 13598800 13233760 365040
7.0999999999999908 0 1 760.13738666682673 0.73090133333348717 13293 12942 351 13804720 13439680 365040
7.1999999999999904 0 1 1454.7575466581966 1.3988053333251886 13501 13148 351 14021040 13653920 365040
7.2999999999999901 0 1 3495.1377066230039 3.360709333291346 13721 13363 351 14249840 13877520 365040
7.3999999999999897 0 1 5384.7317334965146 5.177626666823568 13950 13593 351 14488000 14116720 365040
7.4999999999999893 0 1 10493.03978665354 10.089461333320724 14196 13833 351 14743840 14366320 365040
7.599999999999989 0 1 18701.463040049013 17.982176000047147 14450 14073 351 15008000 14615920 365040
7.6999999999999886 0 1 34717.673813351787 33.382378666684389 14706 14314 351 15274240 14866560 365040
7.7999999999999883 0 1 51103.686400002407 49.138160000002266 14961 14554 351 15539440 15116160 365040
7.8999999999999879 0 1 66270.047999986695 63.721199999986794 15217 14794 352 15805680 15365760 366080
7.9999999999999876 0 1 77757.965653475228 74.767274666803203 15470 15035 357 16068800 15616400 371280
8.0999999999999872 0 1 81016.582400000334 77.90056000000034 15719 15275 365 16327760 15866000 379600
8.1999999999999869 0 1 66515.648854016297 63.957354667323557 15924 15516 374 16540960 16116640 388960
8.2999999999999865 0 1 9897.7881605605908 9.5171040005390122 16092 15715 377 16715680 16323600 392080
8.3999999999999861 0 1 590.98623999924268 0.56825599999927179 16251 15874 377 16881040 16488960 392080
8.4999999999999858 0 1 302.32661333093739 0.29069866666436289 16379 16002 377 17014160 16622080 392080
8.5999999999999854 0 1 795.63050664679622 0.76502933331422707 16532 16154 377 17173280 16780160 392080
8.6999999999999851 0 1 1399.229866604373 1.3454133332734357 16689 16308 377 17336560 16940320 392080
8.7999999999999847 0 1 2071.9240534110372 1.9922346667413819 16852 16475 377 17506080 17114000 392080
8.8999999999999844 0 1 2781.8751999967089 2.6748799999968313 17061 16684 377 17723440 17331360 392080
8.999999999999984 0 1 3510.2079998709091 3.3751999998758762 17281 16898 377 17952240 17553920 392080
9.0999999999999837 0 1 4143.2268798404912 3.9838719998466274 17498 17112 377 18177920 17776480 392080
9.1999999999999833 0 1 6726.7199998651313 6.4679999998703206 17727 17340 377 18416080 18013600 392080
9.2999999999999829 0 1 13724.034133102594 13.196186666444831 17972 17581 377 18670880 18264240 392080
9.3999999999999826 0 1 23398.391466025721 22.498453332717066 18228 17821 377 18937120 18513840 392080
9.4999999999999822 0 1 37730.811732749193 36.279626666105045 18482 18061 377 19201280 18763440 392080
9.5999999999999819 0 1 53828.741546096127 51.758405332784555 18737 18302 377 19466480 19014080 392080
9.6999999999999815 0 1 68133.888852780728 65.513354666135314 18992 18542 378 19731680 19263680 393120
9.7999999999999812 0 1 77054.609492915362 74.090970666264923 19243 18783 382 19992720 19514320 397280
9.8999999999999808 0 1 72986.906026567391 70.179717333237974 19472 19023 388 20230880 19763920 403520
9.9999999999999805 0 1 51822.551040108767 49.829376000104887 19681 19263 393 20448240 20013520 408720
10.09999999999998 0 1 10827.764480066829 10.411312000064223 19856 19459 395 20630240 20217360 410800
10.19999999999998 0 1 1782.8262399757782 1.7142559999767097 20050 19655 395 20832000 20421200 410800
10.299999999999979 0 1 1045.5244799794309 1.005311999980222 20254 19857 395 21044160 20631280 410800
10.399999999999979 0 1 1911.9526400164216 1.8384160000157899 20454 20059 395 21252160 20841360 410800
10.499999999999979 0 1 2142.8326399372586 2.0604159999396714 20676 20275 395 21483040 21066000 410800
10.599999999999978 0 1 4063.0886400145605 3.906816000014 20904 20505 395 21720160 21305200 410800
10.699999999999978 0 1 9374.299306465633 9.0137493331400407 21152 20745 395 21978080 21554800 410800
10.799999999999978 0 1 19830.581332855927 19.067866666207586 21408 20986 395 22244320 21805440 410800
10.899999999999977 0 1 35189.495466216627 33.836053332900576 21662 21226 395 22508480 22055040 410800
10.999999999999977 0 1 51460.425812889538 49.481178666239934 21918 21467 395 22774720 22305680 410800
11.099999999999977 0 1 65499.055786249563 62.979861332932082 22173 21707 396 23039920 22555280 411840
11.199999999999976 0 1 78142.471679624126 75.136991999638511 22426 21947 400 23303040 22804880 416000
11.299999999999976 0 1 87386.829226306509 84.02579733298731 22678 22188 404 23565120 23055520 420160
11.399999999999975 0 1 73651.246933085305 70.818506666428362 22894 22428 409 23789760 23305120 425360
11.499999999999975 0 1 41536.906666391493 39.939333333068738 23105 22669 414 24009200 23555760 430560
11.599999999999975 0 1 8181.3111465636202 7.8666453332342554 23280 22865 415 24191200 23759600 431600
11.699999999999974 0 1 1434.85610666312 1.379669333329923 23474 23056 415 24392960 23958240 431600
11.799999999999974 0 1 1424.7167999966914 1.3699199999968186 23677 23257 415 24604080 24167280 431600
11.899999999999974 0 1 1727.154346664857 1.6607253333315934 23883 23466 415 24818320 24384640 431600
11.999999999999973 0 1 2815.1940266695165 2.706917333336075 24123 23701 415 25067920 24629040 431600
12.099999999999973 0 1 7007.6808533215217 6.7381546666553112 24360 23935 415 25314400 24872400 431600
12.199999999999973 0 1 14963.037439740156 14.387535999750137 24613 24176 415 25577520 25123040 431600
12.299999999999972 0 1 30626.33599968542 29.448399999697529 24868 24416 415 25842720 25372640 431600
12.399999999999972 0 1 45728.666879703713 43.969871999715046 25123 24656 415 26107920 25622240 431600
12.499999999999972 0 1 61286.478933049344 58.92930666639365 25378 24897 415 26373120 25872880 431600
12.599999999999971 0 1 74280.810239710379 71.42385599972144 25629 25137 417 26634160 26122480 433680
12.699999999999971 0 1 84074.110293052086 80.840490666396491 25883 25378 421 26898320 26373120 437840
12.799999999999971 0 1 89871.242239668543 86.414655999680861 26130 25618 428 27155200 26622720 445120
12.89999999999997 0 1 63249.605119405613 60.816927999428323 26352 25858 444 27386080 26872320 461760
12.99999999999997 0 1 16396.101972686309 15.765482666044498 26511 26065 445 27551440 27087600 462800
13.099999999999969 0 1 1066.3078399888132 1.0252959999892433 26643 26198 445 27688720 27225920 462800
13.199999999999969 0 1 858.70165332936938 0.82567466666285516 26804 26359 445 27856160 27393360 462800
13.299999999999969 0 1 1035.0301866648672 0.99522133333160312 26982 26537 445 28041280 27578480 462800
13.399999999999968 0 1 1675.2153601121906 1.6107840001078757 27150 26694 445 28216000 27741760 462800
13.499999999999968 0 1 3050.3615999128233 2.9330399999161751 27314 26866 445 28386560 27920640 462800
13.599999999999968 0 1 5338.4725333165634 5.133146666650533 27512 27065 445 28592480 28127600 462800
13.699999999999967 0 1 5352.5333333018179 5.1466666666363645 27731 27285 445 28820240 28356400 462800
13.799999999999967 0 1 6084.6101333109291 5.8505866666451238 27961 27516 445 29059440 28596640 462800
13.899999999999967 0 1 4329.7169067802788 4.1631893334425714 28207 27751 445 29315280 28841040 462800
13.999999999999966 0 1 13461.316266463891 12.943573333138342 28455 27991 445 29573200 29090640 462800
14.099999999999966 0 1 28613.694719847714 27.513167999853636 28712 28232 445 29840480 29341280 462800
14.199999999999966 0 1 44486.313386497051 42.775301333169907 28965 28472 445 30103600 29590880 462800
14.299999999999965 0 1 57905.890986554281 55.678741333225439 29221 28712 445 30369840 29840480 462800
14.399999999999965 0 1 70129.32991981844 67.432047999825471 29473 28953 446 30631920 30091120 463840
14.499999999999964 0 1 82114.916693130042 78.956650666471376 29723 29193 448 30891920 30340720 465920
14.599999999999964 0 1 86223.027626370167 82.906757333048532 29970 29434 452 31148800 30591360 470080
14.699999999999964 0 1 79435.039146139621 76.379845332826449 30205 29674 458 31393200 30840960 476320
14.799999999999963 0 1 64760.855466010536 62.27005333270214 30434 29914 464 31631360 31090560 482560
14.899999999999963 0 1 30026.807892162848 28.871930665541147 30613 30136 465 31817520 31321440 483600
14.999999999999963 0 1 2646.6918397427517 2.5448959997526455 30807 30342 465 32019280 31535680 483600
15.099999999999962 0 1 2200.8119467730571 2.1161653334356321 30987 30517 465 32206480 31717680 483600
15.199999999999962 0 1 1710.7084799097838 1.6449119999132535 31169 30703 465 32395760 31911120 483600
15.299999999999962 0 1 2512.956160038158 2.4163040000366904 31385 30917 465 32620400 32133680 483600
15.399999999999961 0 1 1847.3838932553458 1.7763306665916785 31600 31135 465 32844000 32360400 483600
15.499999999999961 0 1 6833.0717867523181 6.5702613334156776 31849 31376 465 33102960 32611040 483600
15.599999999999961 0 1 10456.831146899349 10.05464533355708 32099 31615 465 33362960 32859600 483600
15.69999999999996 0 1 26035.060480023083 25.033712000022259 32352 31855 465 33626080 33109200 483600
15.79999999999996 0 1 39861.552639968315 38.328415999969423 32606 32096 465 33890240 33359840 483600
15.899999999999959 0 1 51645.728853270528 49.659354666606475 32857 32336 465 34151280 33609440 483600
15.999999999999959 0 1 64108.37887992226 61.642671999924929 33108 32577 465 34412320 33860080 483600
16.099999999999959 0 1 74955.534507137971 72.072629333786523 33360 32817 467 34674400 34109680 485680
16.19999999999996 0 1 82625.126827747779 79.447237334372801 33610 33057 470 34934400 34359280 488800
16.299999999999962 0 1 84595.169707363966 81.341509334004002 33845 33298 474 35178800 34609920 492960
16.399999999999963 0 1 47206.215679957437 45.390591999958822 34039 33538 476 35380560 34859520 495040
16.499999999999964 0 1 26644.073387419823 25.619301334057447 34270 33778 478 35620800 35109120 497120
16.599999999999966 0 1 2800.1570141085635 2.6924586674120805 34502 34019 478 35862080 35359760 497120
16.699999999999967 0 1 6321.2642134595035 6.0781386667879849 34744 34255 478 36113760 35605200 497120
16.799999999999969 0 1 16387.770880779593 15.757472000749669 34994 34496 478 36373760 35855840 497120
16.89999999999997 0 1 30250.355201037761 29.086880000997773 35251 34736 478 36641040 36105440 497120
16.999999999999972 0 1 45779.502080973449 44.018752000935933 35507 34976 478 36907280 36355040 497120
17.099999999999973 0 1 59031.758934253652 56.761306667551821 35757 35217 478 37167280 36605680 497120
17.199999999999974 0 1 71966.801920886137 69.198848000852365 36010 35457 479 37430400 36855280 498160
17.299999999999976 0 1 83415.149654174325 80.206874667475105 36266 35698 481 37696640 37105920 500240
17.399999999999977 0 1 78154.918400990297 75.148960000952158 36498 35938 484 37937920 37355520 503360
17.499999999999979 0 1 76448.519680974219 73.508192000936518 36736 36178 487 38185440 37605120 506480
17.59999999999998 0 1 57761.128534660493 55.53954666794268 36953 36419 490 38411120 37855760 509600
17.699999999999982 0 1 42972.866561025432 41.320064000986015 37190 36659 493 38657600 38105360 512720
17.799999999999983 0 1 26329.20021491564 25.316538668188105 37402 36900 494 38878080 38356000 513760
17.899999999999984 0 1 4266.6346668491306 4.102533333508779 37632 37134 494 39117280 38599360 513760
17.999999999999986 0 1 9729.2138671329903 9.3550133337817787 37874 37369 494 39368960 38843760 513760
18.099999999999987 0 1 13387.157333963751 12.872266667272884 38125 37610 494 39630000 39094400 513760
18.199999999999989 0 1 27284.901973836779 26.235482667150745 38378 37850 494 39893120 39344000 513760
18.29999999999999 0 1 41601.458773836894 40.00140266715082 38631 38091 494 40156240 39594640 513760
18.399999999999991 0 1 54410.975147167999 52.318245333815092 38882 38331 494 40417280 39844240 513760
18.499999999999993 0 1 67781.69770701071 65.17470933366404 39137 38571 495 40682480 40093840 514800
18.599999999999994 0 1 78507.458987139587 75.48794133378837 39390 38812 497 40945600 40344480 516880
18.699999999999996 0 1 82718.915414338888 79.537418667633446 39632 39052 501 41197280 40594080 521040
18.799999999999997 0 1 75598.870188763889 72.691221335350065 39853 39293 504 41427120 40844720 524160
18.899999999999999 0 1 35308.188589560028 33.950181336115307 40060 39533 508 41642400 41094320 528320
19 0 1 17217.663148159991 16.555445334769253 40291 39773 509 41882640 41343920 529360
19.100000000000001 0 1 6297.4357343109195 6.0552266676066528 40503 39993 509 42103120 41572720 529360
19.200000000000003 0 1 8023.3864535537305 7.7147946668786078 40727 40217 509 42336080 41805680 529360
19.300000000000004 0 1 5225.6533327027391 5.0246666660603267 40972 40452 509 42590880 42050080 529360
19.400000000000006 0 1 10520.689920609566 10.116048000586167 41215 40692 509 42843600 42299680 529360
19.500000000000007 0 1 25007.224319732708 24.045407999742935 41473 40932 509 43111920 42549280 529360
19.600000000000009 0 1 40657.138773284081 39.093402666619333 41728 41173 509 43377120 42799920 529360
19.70000000000001 0 1 55536.582399828651 53.400559999835288 41983 41413 509 43642320 43049520 529360
19.800000000000011 0 1 71835.989333119331 69.073066666460903 42240 41654 510 43909600 43300160 530400
19.900000000000013 0 1 85243.508480048215 81.964912000046127 42493 41894 512 44172720 43549760 532480
20.000000000000014 0 1 91975.85280100067 88.438320000962023 42741 42134 521 44430640 43799360 541840
20.100000000000016 0 1 31904.44886111479 30.677354674148834 42796 42266 530 44487840 43936640 551200
20.200000000000017 0 1 0.0 0.0 42804 42274 530 44496160 43944960 551200
20.300000000000018 0 1 0.0 0.0 42805 42275 530 44497200 43946000 551200
20.40000000000002 0 1 0.0 0.0 42805 42275 530 44497200 43946000 551200
20.500000000000021 0 1 0.0 0.0 42808 42278 530 44500320 43949120 551200
20.600000000000023 0 1 3.4611200000255811 0.0033280000000245973 42810 42280 530 44502400 43951200 551200
20.700000000000024 0 1 22.497280000129329 0.021632000000124354 42816 42286 530 44508640 43957440 551200
20.800000000000026 0 1 0.0 0.0 42816 42286 530 44508640 43957440 551200
20.900000000000027 0 1 0.0 0.0 42816 42286 530 44508640 43957440 551200
